# JRE version: OpenJDK Runtime Environment Corretto-11.0.8.10.1 (11.0.8+10) (build 11.0.8+10-LTS)
# Java VM: OpenJDK 64-Bit Server VM Corretto-11.0.8.10.1 (11.0.8+10-LTS, mixed mode, tiered, compressed oops, g1 gc, linux-amd64)
Heap:
 garbage-first heap   total 516096K, used 89557K [0x0000000609200000, 0x0000000800000000)
  region size 2048K, 40 young (81920K), 4 survivors (8192K)
 Metaspace       used 36318K, capacity 37602K, committed 37840K, reserved 1083392K
  class space    used 4377K, capacity 4914K, committed 4992K, reserved 1048576K
GC Heap History (8 events):
Event: 0.804 GC heap before
{Heap before GC invocations=0 (full 0):
 garbage-first heap   total 516096K, used 22528K [0x0000000609200000, 0x0000000800000000)
  region size 2048K, 12 young (24576K), 0 survivors (0K)
 Metaspace       used 10063K, capacity 10347K, committed 10624K, reserved 1058816K
  class space    used 995K, capacity 1119K, committed 1152K, reserved 1048576K
}
Event: 0.812 GC heap after
{Heap after GC invocations=1 (full 0):
 garbage-first heap   total 516096K, used 3644K [0x0000000609200000, 0x0000000800000000)
  region size 2048K, 2 young (4096K), 2 survivors (4096K)
 Metaspace       used 10063K, capacity 10347K, committed 10624K, reserved 1058816K
  class space    used 995K, capacity 1119K, committed 1152K, reserved 1048576K
}
Event: 1.471 GC heap before
{Heap before GC invocations=1 (full 0):
 garbage-first heap   total 516096K, used 40508K [0x0000000609200000, 0x0000000800000000)
  region size 2048K, 21 young (43008K), 2 survivors (4096K)
 Metaspace       used 20570K, capacity 21208K, committed 21296K, reserved 1067008K
  class space    used 2610K, capacity 2907K, committed 2944K, reserved 1048576K
}
Event: 1.482 GC heap after
{Heap after GC invocations=2 (full 0):
 garbage-first heap   total 516096K, used 9192K [0x0000000609200000, 0x0000000800000000)
  region size 2048K, 5 young (10240K), 5 survivors (10240K)
 Metaspace       used 20570K, capacity 21208K, committed 21296K, reserved 1067008K
  class space    used 2610K, capacity 2907K, committed 2944K, reserved 1048576K
}
Event: 64.055 GC heap before
{Heap before GC invocations=3 (full 0):
 garbage-first heap   total 516096K, used 64488K [0x0000000609200000, 0x0000000800000000)
  region size 2048K, 31 young (63488K), 5 survivors (10240K)
 Metaspace       used 34142K, capacity 35402K, committed 35760K, reserved 1081344K
  class space    used 4304K, capacity 4815K, committed 4864K, reserved 1048576K
}
Event: 64.064 GC heap after
{Heap after GC invocations=4 (full 0):
 garbage-first heap   total 516096K, used 17606K [0x0000000609200000, 0x0000000800000000)
  region size 2048K, 4 young (8192K), 4 survivors (8192K)
 Metaspace       used 34142K, capacity 35402K, committed 35760K, reserved 1081344K
  class space    used 4304K, capacity 4815K, committed 4864K, reserved 1048576K
}
Event: 80.014 GC heap before
{Heap before GC invocations=4 (full 0):
 garbage-first heap   total 516096K, used 25798K [0x0000000609200000, 0x0000000800000000)
  region size 2048K, 9 young (18432K), 4 survivors (8192K)
 Metaspace       used 34581K, capacity 35817K, committed 35920K, reserved 1081344K
  class space    used 4326K, capacity 4847K, committed 4864K, reserved 1048576K
}
Event: 80.020 GC heap after
{Heap after GC invocations=5 (full 0):
 garbage-first heap   total 516096K, used 17877K [0x0000000609200000, 0x0000000800000000)
  region size 2048K, 4 young (8192K), 4 survivors (8192K)
 Metaspace       used 34581K, capacity 35817K, committed 35920K, reserved 1081344K
  class space    used 4326K, capacity 4847K, committed 4864K, reserved 1048576K
}

