# JRE version: OpenJDK Runtime Environment Corretto-11.0.8.10.1 (11.0.8+10) (build 11.0.8+10-LTS)
# Java VM: OpenJDK 64-Bit Server VM Corretto-11.0.8.10.1 (11.0.8+10-LTS, mixed mode, tiered, compressed oops, g1 gc, linux-amd64)
Heap:
 garbage-first heap   total 516096K, used 18046K [0x0000000609200000, 0x0000000800000000)
  region size 2048K, 5 young (10240K), 4 survivors (8192K)
 Metaspace       used 32233K, capacity 33283K, committed 33456K, reserved 1079296K
  class space    used 4030K, capacity 4489K, committed 4528K, reserved 1048576K
GC Heap History (6 events):
Event: 0.368 GC heap before
{Heap before GC invocations=0 (full 0):
 garbage-first heap   total 516096K, used 22528K [0x0000000609200000, 0x0000000800000000)
  region size 2048K, 12 young (24576K), 0 survivors (0K)
 Metaspace       used 10177K, capacity 10514K, committed 10624K, reserved 1058816K
  class space    used 1019K, capacity 1152K, committed 1152K, reserved 1048576K
}
Event: 0.372 GC heap after
{Heap after GC invocations=1 (full 0):
 garbage-first heap   total 516096K, used 3742K [0x0000000609200000, 0x0000000800000000)
  region size 2048K, 2 young (4096K), 2 survivors (4096K)
 Metaspace       used 10177K, capacity 10514K, committed 10624K, reserved 1058816K
  class space    used 1019K, capacity 1152K, committed 1152K, reserved 1048576K
}
Event: 0.943 GC heap before
{Heap before GC invocations=1 (full 0):
 garbage-first heap   total 516096K, used 38558K [0x0000000609200000, 0x0000000800000000)
  region size 2048K, 20 young (40960K), 2 survivors (4096K)
 Metaspace       used 20511K, capacity 21177K, committed 21296K, reserved 1067008K
  class space    used 2563K, capacity 2832K, committed 2864K, reserved 1048576K
}
Event: 0.950 GC heap after
{Heap after GC invocations=2 (full 0):
 garbage-first heap   total 516096K, used 8809K [0x0000000609200000, 0x0000000800000000)
  region size 2048K, 5 young (10240K), 5 survivors (10240K)
 Metaspace       used 20511K, capacity 21177K, committed 21296K, reserved 1067008K
  class space    used 2563K, capacity 2832K, committed 2864K, reserved 1048576K
}
Event: 5.080 GC heap before
{Heap before GC invocations=3 (full 0):
 garbage-first heap   total 516096K, used 62057K [0x0000000609200000, 0x0000000800000000)
  region size 2048K, 30 young (61440K), 5 survivors (10240K)
 Metaspace       used 32068K, capacity 33172K, committed 33456K, reserved 1079296K
  class space    used 4021K, capacity 4452K, committed 4528K, reserved 1048576K
}
Event: 5.091 GC heap after
{Heap after GC invocations=4 (full 0):
 garbage-first heap   total 516096K, used 18046K [0x0000000609200000, 0x0000000800000000)
  region size 2048K, 4 young (8192K), 4 survivors (8192K)
 Metaspace       used 32068K, capacity 33172K, committed 33456K, reserved 1079296K
  class space    used 4021K, capacity 4452K, committed 4528K, reserved 1048576K
}

